26 549 8978 5757 9464 9537 6013 2107 1799 6389 9407 1767 6167 473 1566 3553 6267 7240 5795 426 143 8769 7803 746 9775 8541 6819
27 1776 7230 3459 1030 3490 9634 4659 46 3609 4117 7414 9300 93 6513 6785 1926 748 9807 7973 5315 7067 6022 5549 1645 4267 4 7252
26 2735 7463 2576 8698 7677 5554 975 8146 9951 9100 5400 9228 350 9542 9867 2004 7168 2816 3472 9356 4174 5269 8797 5443 1939 5538
24 4948 5621 2600 7479 4331 7576 2885 1292 7987 5804 2595 1682 723 8162 8977 4095 8712 6606 623 6723 383 5855 6492 6507
22 768 1251 8382 7152 8973 560 6188 118 4206 7793 1012 724 4825 2854 7582 1493 9422 4727 1216 3265 2819 8171
22 3580 9347 6068 2626 6340 5088 9809 6121 8444 6641 5154 8344 600 5530 1704 1151 6732 9008 6074 3644 937 8397
26 7957 817 661 9830 2967 7246 5837 8782 1117 7749 83 9023 1914 7353 357 8669 7875 5255 4460 2795 4934 9296 4308 729 2922 4124
32 3090 8518 3918 4546 2143 248 7874 6454 2207 7256 7808 2291 7727 9998 8692 5908 3352 6027 8252 2420 2295 3713 903 270 5781 7523 299 6209 7905 8538 8235 2163
33 1560 1013 3068 1949 9033 3124 2377 9822 1393 3561 8826 7949 1532 6730 9490 5243 4188 9835 5383 4341 2701 5873 1157 9794 5644 5162 3671 6334 2623 3244 3378 811 6748
23 1209 585 6536 5107 5913 7037 2366 1907 8755 2213 6655 2960 2567 7584 6532 5118 7105 1520 6194 4726 3702 6470 9970
29 9313 6654 4154 6749 330 531 6570 8493 7573 130 8871 8450 2309 3977 7599 8387 7012 2085 9108 3171 5493 9404 1231 1060 452 7985 3093 1718 5253
20 3055 6004 7226 6985 5642 9546 6407 1523 2108 9655 2875 3425 9328 2021 5767 6129 7997 1021 9484 9569
22 4058 7224 3816 3615 8353 2640 6593 8815 3999 9142 1964 7871 7160 8805 4148 486 2145 9189 9936 1454 2243 5720
29 1040 2079 5771 656 4372 8030 4400 6962 9438 9433 1317 3154 6442 8381 6755 2097 3132 3023 9016 1881 479 1848 6872 4418 8282 2224 4393 1472 4120
24 7929 1090 1518 4869 6034 9710 2304 8272 1259 2057 5040 5301 1283 6574 3913 42 8845 574 4975 6028 4760 4462 1118 7146
25 1269 1326 8831 8191 9972 3532 3228 3874 8502 5527 8031 4265 5675 3010 9039 7056 7634 7826 1366 9808 3886 4735 3665 9545 8087
21 4435 3396 846 1106 2732 9156 4244 9319 6201 9778 1834 2777 5827 5463 5378 6854 7033 1517 6482 948 3755
25 9563 6485 739 6168 3445 3169 7503 3691 2766 3509 8366 5314 6083 293 7354 813 6037 8537 1362 5935 3676 6968 9241 8898 8350
27 8292 7849 5732 6398 1079 3482 8827 4491 8746 3079 4038 2945 4518 3416 4710 1889 9350 7247 653 253 9098 2014 9540 5731 7026 2880 2203
24 1273 1447 3512 9819 7636 9948 4227 711 1752 9790 4473 2478 6863 1057 3935 4765 2416 5607 532 3523 5895 6118 818 4553
25 4078 3773 3108 4613 7922 2696 2578 4328 2898 2040 2468 8767 7286 5981 9348 7292 6996 3926 5331 6354 1144 1379 3742 9558 8582
26 6381 8149 5393 1489 9631 9144 506 3721 7171 5951 2884 4699 3798 6114 2959 517 1229 8936 9924 4681 664 5787 5404 1327 3514 7049
20 4758 3049 3510 7668 7448 8263 3305 4211 8901 2498 5104 2017 2433 1611 1775 7775 879 763 9782 4716
26 5245 9412 7876 1963 5287 5045 1257 1716 6134 9006 7021 7507 8811 4323 634 4572 7689 9618 9367 7241 5928 7214 3310 1488 8552 9916
19 1194 2825 8523 254 3211 9240 4235 7635 2365 6471 2303 2342 4298 8092 597 9280 5362 8078 9281
24 474 5887 3051 8806 2453 7915 281 947 3753 9136 1882 8526 9518 1361 8859 6310 1829 7544 2080 5685 900 5077 4040 5108
23 8950 1784 3572 199 7190 7665 5008 9644 8431 7865 1065 6205 256 9170 4945 5194 9365 2638 4766 2165 4811 7537 2618
32 7657 7553 7792 3263 2497 1386 6739 7840 9742 7971 7857 5256 463 7564 9302 7237 9384 4369 4694 8833 487 154 7333 496 651 4367 9622 7839 6573 6693 2502 7093
22 6541 4537 1955 9625 5830 1475 5356 929 8017 3436 5122 1047 3262 6014 2619 3809 8124 9154 1180 3107 3069 8874
22 1867 8787 3910 7085 753 4541 8804 9357 4559 9880 6829 7417 5850 3634 9907 312 9294 3441 8371 3871 7896 994
22 3693 9246 4207 2235 2635 1222 1215 876 5770 9074 9584 4121 1320 2614 5502 7408 631 6183 6291 9123 9700 557
25 5018 4307 7293 4706 8832 57 9116 1557 751 9466 7769 6910 1420 8906 539 2294 4579 6759 6887 140 1398 4077 7951 7281 1439
23 6822 2828 8209 8979 9543 417 3778 7187 1944 5247 1499 7046 5728 5738 9989 7200 8913 9873 1403 4216 5591 8226 1055
20 1992 5743 608 7934 3993 7344 6902 4767 1871 9994 9658 3389 9699 8287 3934 630 8441 5209 7008 8722
23 5717 4873 8448 8768 6313 1937 5941 8918 4669 1513 2284 1167 3927 5638 7639 9580 8238 6496 9427 8858 7831 1137 3386
18 7119 3579 435 8194 2075 2025 4394 5583 6262 5597 8920 6180 2496 75 3020 5813 8046 805
22 3371 8020 6202 1503 5351 8445 6066 9031 9324 5794 5958 9706 1770 2279 4187 6637 2487 5325 4563 9931 4540 6521
22 4309 541 8447 1777 3038 7135 6630 2893 7610 386 6020 7419 6709 1678 6894 5752 3876 555 1244 5198 2656 9097
24 7952 874 7580 6000 2352 3493 5082 3839 6491 9526 7339 15 7341 6240 7626 7734 4468 8513 2124 1858 4774 2993 2337 7527
25 4214 2915 6563 5241 9975 5465 2082 7900 1876 304 7615 6308 4345 8976 6787 7868 7029 3884 3192 7705 2974 3095 2679 4506 8120
28 6466 8310 1815 3176 2973 7683 2250 66 1968 461 2565 2397 4667 4625 4997 7285 7543 3577 9591 1243 6259 7031 8386 9390 2103 5718 7289 9227
20 7561 1170 6765 5662 5069 388 8150 2715 8997 3130 996 850 2889 2475 51 1481 1408 5434 8519 4750
23 5868 7889 1984 4228 2787 9158 3261 2054 8103 9694 3285 5026 1921 6540 9732 2868 1434 5755 1153 1899 6717 4641 2410
26 2247 1407 2791 1260 2178 6719 691 2948 4722 5692 1395 5180 6043 8601 803 3074 6370 336 6419 8013 6468 7765 2625 7202 7057 1931
21 5693 2512 2031 6048 704 1862 8257 3466 9754 396 686 7153 3538 5115 6500 4178 6761 3492 8196 9024 6152
25 3030 965 6128 6526 5766 7642 6098 9222 2043 9441 9015 4562 7807 3072 8729 7974 3788 8643 5085 9149 6017 9905 3868 1586 4432
22 187 3103 4624 3114 9897 8956 9701 6848 2722 740 6816 9988 3551 1502 3004 2584 4732 7658 3964 2697 7235 8163
20 5970 3444 6900 4428 5425 956 6771 559 7457 599 6301 7077 6970 5167 4419 8568 9642 443 424 7404
24 2695 8254 2651 1553 9272 6999 2229 2808 9881 1783 278 7505 3919 7932 6362 5229 8053 4610 2746 5148 7350 8607 8808 144
19 3629 7114 4349 4029 3315 76 8911 9462 1743 7753 589 5119 3600 5246 2976 2196 4484 2289 1646
22 6670 3005 3424 1240 5779 1245 1453 6832 5998 1461 8460 3392 1918 5098 5330 1744 8949 8411 3626 2492 8654 9380
25 5324 4377 583 3368 5668 6969 5043 5087 1561 7483 9651 9755 6309 2387 4342 765 781 3033 3037 2503 68 3422 3687 5988 3985
26 6412 2426 718 4656 1762 1768 550 6085 8545 4217 4464 7313 5805 2587 2242 2646 5165 2101 8658 8355 5051 9797 8168 2821 2312 2840
22 7070 5902 2006 2132 1647 3366 156 9054 1431 6184 4852 6483 7549 9621 1816 6553 4864 8579 5248 6212 9311 8535
25 1757 8557 6493 8588 4957 3732 2126 106 6218 9659 5353 2341 3902 2231 2632 6763 9688 4373 167 4721 2529 7888 3792 2172 3021
21 9084 4635 6413 8155 4485 9570 9963 2315 5486 5364 3016 1827 8813 2615 3733 7484 1726 8488 8385 3679 4186
23 2061 2233 4959 9282 2399 5212 266 823 7730 7274 4773 3992 3625 7782 3337 6646 9040 2302 7530 197 5659 8265 1318
21 568 4863 9130 6062 8062 7080 5373 8872 5139 3078 5640 1965 2274 9386 5111 3794 5775 9257 1847 6405 6185
25 1978 9405 7428 8835 7579 5622 1644 9238 1199 3606 5016 3962 5849 974 220 5518 5190 466 7776 4132 8142 317 9200 2554 5821
25 3442 190 9768 3991 3783 7847 5170 1660 865 4426 9103 7790 8842 1606 6528 5355 6632 5703 4931 2827 9290 8091 1826 758 3737
26 2519 6689 961 5517 69 1835 990 1620 6178 1748 8721 2633 6682 9366 184 7605 6286 5863 8045 8660 1108 3633 8279 7138 8001 2273
24 6663 9888 4387 1869 9549 6244 843 8296 6681 7918 9779 1714 1597 6776 8673 2950 3519 8561 6109 5489 4728 1195 6052 9827
20 303 2531 2748 7648 6029 8995 1263 1494 8220 6319 2308 9509 8389 9063 8515 6373 6876 7310 3518 8517
26 2465 4094 113 481 3602 7567 6764 4035 85 159 1985 5782 10 2504 9983 5061 970 9335 1941 4748 9587 4110 4005 8251 7436 8527
26 6724 2603 2357 8713 3821 950 1474 3531 4895 7488 8807 6312 2631 7260 7179 3360 9531 3706 9174 4480 4524 7127 6236 4901 2814 1559
17 375 7512 1313 9314 871 4195 4068 9358 9403 9708 2542 8365 416 8934 9010 828 2845
23 9847 1838 1630 8629 1218 4493 867 7361 5534 624 7791 4950 7960 4238 3998 8443 3302 5560 3978 9323 2277 1602 3929
24 6198 315 8462 9382 4245 7477 2790 7872 6963 8814 2501 732 2016 1670 8466 1616 8714 9468 1552 9568 6950 598 1576 6350
24 4379 2495 4028 6652 4713 5100 5221 2534 6375 4634 5389 6326 4805 9080 1631 6149 4517 5164 2965 3324 1367 5753 9214 8618
19 4494 3197 7102 1676 4939 9361 1592 3699 8432 6738 1423 9903 9178 9069 2629 1350 6569 7758 9472
20 8731 3239 8774 3199 8188 5576 993 9027 2035 4937 5864 2431 5851 205 5414 323 7264 2450 5883 6
24 6901 5572 8309 640 6338 992 5853 7745 6082 3648 7830 6306 8470 8748 4000 2678 207 7688 6217 4918 6088 7681 6266 9915
27 1138 6502 7704 5060 9401 9012 655 1729 645 7555 2164 7145 484 4096 6488 8933 6679 2552 7107 1321 6668 5912 7324 7821 1213 926 9736
25 9619 2436 326 3220 4990 1738 9928 3735 5462 4654 8916 889 7718 1026 8016 884 3707 8765 1161 7959 3128 2914 1052 7459 1410
14 4071 6877 7867 3542 4806 8530 9068 9151 6393 8446 8064 3161 389 3111
24 8204 47 5627 1884 9364 649 6727 1934 1591 2244 5778 8689 3545 2894 4603 7199 7473 2562 9606 960 390 9960 3848 9776
20 3607 3667 5875 4630 267 9171 8412 397 3044 8007 9397 9630 7720 3320 8230 932 4231 4820 8044 8921
28 8520 8262 2957 2382 9419 1239 6237 3731 5670 8974 3470 1235 9571 2834 6086 9119 6549 5270 6100 6599 2363 5871 5869 480 4041 6070 5973 7467
27 3167 3410 2230 7574 830 7211 529 7263 7066 1338 7474 536 2804 4263 2596 173 5068 8584 1711 3018 1916 785 1413 5669 7563 3012 4592
25 8477 6418 2896 7208 5952 1110 5915 121 6379 4787 9157 6292 7651 3686 288 8887 7420 750 2182 8604 8451 421 8647 298 2597
25 1515 3546 2422 9320 4657 5036 5579 7048 8312 5201 2561 4407 4878 8473 8623 5363 7828 725 5423 7279 4968 1514 6246 3559 8054
25 734 8323 3050 3026 7209 8151 2543 2192 5329 2601 4718 3328 2205 7781 6105 4454 6130 8015 9258 4465 1795 1619 2421 749 3975
26 4150 5227 9137 2539 984 5457 5684 2910 235 1337 4388 7321 8621 8360 9218 5401 5103 2083 8608 2301 7412 7717 1095 7151 8396 1003
25 1005 1697 8940 2480 7984 7415 7998 3924 6622 1988 5558 116 8954 632 1730 6837 8634 8744 4294 3837 6770 176 6093 5458 5504
23 9675 6139 5990 6003 2470 4326 8243 9133 6416 2670 4590 9955 1277 875 9966 7854 8180 755 8275 8320 1966 5931 1378
25 2917 9996 3566 4764 4034 5014 4638 4561 2694 3748 6608 1351 8076 5645 2471 1089 2647 1404 8639 6890 4261 4700 2786 9940 5857
29 6228 7188 4455 41 8653 2217 9263 8800 9729 4776 9724 5569 4690 9029 7100 4804 9181 1707 3198 3118 9841 6796 5095 9391 6019 3780 5923 4018 7700
20 2883 3564 212 6742 3789 9134 709 2045 8214 9229 6692 67 6561 609 6766 9921 5833 7069 472 3969
29 3549 6115 3697 2838 6159 9602 4980 9042 3636 1355 3451 9889 8869 5033 3157 7754 7363 7403 4963 9664 179 2953 868 1445 7126 5251 9773 2287 8430
22 8290 8536 6425 2060 1686 1721 5933 7866 3672 5005 7192 4442 9945 3888 7545 8003 4609 5015 1354 5845 6576 590
25 6607 3603 6498 3082 97 8339 736 9767 3963 2990 9091 1850 1535 9616 4513 3365 988 6835 8012 3932 4556 2905 5536 4606 3880
21 7891 210 1496 9159 8560 5995 6751 4358 5785 731 9224 2256 7095 5498 7244 5450 7307 4570 9095 8308 1705
24 7088 3976 7666 6141 2776 9062 6904 2319 614 7860 8471 7280 3900 8066 6731 4797 6400 6011 1903 6627 2221 1823 6271 8710
23 3253 3236 9255 6186 9497 7315 3896 4046 402 2933 4845 6926 9363 6372 9565 5505 373 5354 4534 307 6096 8278 638
26 4839 6916 7141 1689 7637 5602 633 5260 3859 852 78 6415 9506 3805 6935 9745 3248 2643 7395 2318 7083 1425 4927 6258 9937 3289
24 7956 394 627 7446 9944 2999 7068 285 4651 7529 1822 1253 8199 6556 3526 8839 9352 2779 9719 3922 7039 3304 707 9329
28 4525 273 5406 2714 9559 9757 3420 7882 1509 178 8505 387 8928 4566 255 6908 3473 4614 5882 7201 2111 5038 3063 6487 6508 1077 5825 6795
23 3008 1100 4404 6357 3190 3122 5064 9230 8693 3159 6332 2254 7371 2336 7851 1156 5897 5749 3040 9120 9461 170 1134
21 7399 8586 4807 9065 7643 4884 4866 1264 2737 1681 8547 4357 2955 5396 9275 7923 337 3183 2812 8070 7641
27 9752 741 8902 4016 5503 7901 2665 2386 5910 7920 586 7164 3182 9533 7071 1017 5706 2202 8734 2188 1334 5207 9552 7702 3656 1207 7825
25 8329 3249 6924 4910 9640 9795 5291 907 6359 8407 4209 2078 3323 5249 7646 3700 2027 3223 3831 981 6335 4791 4364 5474 8414
16 957 699 5189 2338 3468 2966 3496 4043 8264 3982 1719 8248 4015 9519 2298 7733
29 8342 8736 2401 3105 7312 9450 5433 1152 1583 7316 7490 4009 1471 8136 6366 6823 9162 703 1717 2127 7890 9500 8269 1849 1129 2252 4841 898 9860
21 9216 6752 498 6222 2693 2051 9083 171 3399 4082 558 6551 5740 8455 5657 5252 8174 2013 9494 7568 8453
22 6965 7082 9105 5303 3879 9678 3098 4584 8481 9919 261 7076 3844 2728 1732 5762 5283 9439 4315 2683 7899 5841
21 4836 2984 9440 9248 5074 9322 3213 4429 8247 8844 5430 9582 8777 5321 9814 1158 4861 1585 6998 6978 9990
29 700 7320 2784 1121 9575 1913 2919 1182 74 7873 8229 2037 5385 7189 1989 4262 7721 1890 1397 7644 3189 6701 1812 4354 3718 5974 5408 3724 8131
24 3307 1773 428 172 4645 6698 3981 2374 4453 7701 9110 356 2903 6509 9455 9973 1380 9802 6992 3002 3184 3836 7881 8154
27 713 6155 6360 1977 5422 9276 3434 1004 2052 8741 6423 7707 8143 8971 2419 3920 5053 4146 2472 6050 9261 4434 314 5311 3520 9004 1569
23 5343 7104 530 3073 3585 8682 5584 5374 6582 2104 688 5763 4053 8050 8709 2761 4193 7571 4674 9013 6323 8482 6644
17 9985 507 9381 1947 5901 1424 4992 1289 2971 647 4116 2392 9660 4691 7219 1898 7731
25 6831 4208 2963 9874 3938 7534 2407 3851 65 7502 399 4682 2452 1296 4567 870 2517 6568 2481 2491 3046 1614 5449 8185 8301
20 9140 6849 3426 8173 9505 8316 1638 3846 4486 9292 6436 6486 9862 1444 5633 7919 7053 3388 2677 1150
23 9679 2020 8932 1267 5892 4854 7762 3133 9632 8620 6581 6176 9957 7175 4960 9959 2545 7514 5236 1225 7855 8581 7713
24 789 5626 5428 4021 1441 4384 5310 2842 3173 4711 9879 6459 5320 2354 2752 5820 6071 1987 6440 5932 7869 5202 2032 4955
25 2316 8559 8213 6110 7638 3083 4115 2799 8236 671 2927 6280 4274 7680 7368 322 815 3242 1036 721 8759 8592 6368 2133 5376
21 5192 8104 6922 152 5660 7697 9950 7370 4019 2063 5155 693 359 1373 63 827 2801 3771 1893 8080 5471
13 8189 1674 5025 3680 6274 3986 3277 5733 1789 229 7524 5318 1510
16 9579 408 3536 5722 370 6282 5761 2800 2849 804 145 8352 296 5159 1962 2659
22 6150 284 6729 9394 1016 3163 6995 9060 7177 4254 8052 44 5774 2262 1868 913 1234 1581 9005 4795 4332 976
23 8840 4781 6741 497 6703 8379 4798 3507 9444 8593 8539 6539 43 6145 6906 2459 2488 4283 5927 4508 8508 4778 1009
26 4687 3575 4170 6942 4409 6597 2515 4853 2248 612 3404 6862 3796 223 5590 5680 1238 3941 9942 1059 9493 9332 56 9215 794 5370
17 7401 2123 8464 9737 1480 4496 6678 7195 9933 334 7027 3582 191 4458 2474 1544 4069
30 1315 902 5285 2934 1365 444 2220 1197 355 1688 8383 4543 3351 8129 6923 3374 8478 2871 858 4737 8611 8685 5613 4995 3950 8802 6390 3172 4311 2818
25 8962 554 5808 3170 933 607 9561 6659 8664 9143 3610 5442 6047 4290 4660 547 2451 3481 5 3504 3703 7154 1573 4160 4865
27 8640 4882 3596 9595 720 8823 2577 3949 967 7493 1981 4204 6542 7016 5093 7072 6320 7892 4923 5488 5791 7251 6035 7391 4451 8770 6870
26 4788 1186 5453 853 3524 8413 1048 9362 3550 4770 4032 9447 8347 4102 5930 1249 7625 9502 1788 1662 1837 2583 8925 7311 1507 3043
24 5440 5716 7156 1635 6329 8040 3972 4595 7933 2525 1193 6757 6451 7712 6728 2506 1342 5589 6687 6369 2136 8891 3652 3903
26 9976 7864 3951 9890 9345 9209 4371 8018 4594 7045 9592 2154 1307 3979 7802 1388 2494 6554 6972 7827 8983 4413 5130 3014 6931 5629
23 297 7546 1994 7572 6352 376 2173 6925 1464 9758 909 6522 8565 2405 904 2792 5634 1173 7938 4785 9637 9317 9304
27 1097 677 2278 1605 5744 9815 6356 8785 3785 9388 6041 4550 501 9106 8400 3251 5810 5052 7327 4870 2012 6299 2872 3728 8982 3134 3617
23 2869 4056 2899 5636 7870 3583 8367 7043 5861 7770 7381 4701 7062 7944 9748 8317 8975 3407 5492 31 8452 2609 7223
24 6160 6558 4661 3462 290 2997 6967 2355 5899 4924 9056 7757 3359 1262 1375 2489 1957 9308 5797 3143 8222 7184 1570 3347
25 9003 7877 2782 5917 8112 4986 4930 5193 352 7301 4564 6680 1041 9863 5032 7388 7272 5468 2380 1936 6275 6032 690 3535 5697
21 4475 2293 9078 6021 8079 5690 4819 7940 3907 4368 4715 1769 2672 1648 1462 4668 7044 349 1473 2864 6221
30 5235 4742 6952 7180 3067 6192 9297 782 7883 572 617 6026 3393 1872 6386 8988 7262 90 9798 6928 8498 888 7470 6232 6964 7338 5812 6358 9878 5029
22 5445 9046 6164 2167 6305 7912 9731 4397 1568 4340 434 9456 6382 6720 7495 1044 7447 650 5926 5937 7789 9476
28 5300 9820 8425 4200 6307 2440 3414 2119 7729 4353 8416 6905 2042 5786 5308 9727 1291 8495 4210 9312 9471 8752 410 4474 3349 5545 8332 5571
21 4842 8055 9469 1685 4636 5394 6452 6171 3406 9175 5186 4252 571 4427 5673 4375 8195 5395 7166 4683 1139
25 5161 2738 1588 2904 7690 986 7282 6476 2156 2645 8516 2443 9548 745 226 3852 743 4814 404 6411 7660 7079 8152 6465 5173
23 5222 1564 6984 5169 9639 7898 695 8691 6609 5862 4335 5309 9212 752 2331 9932 8678 6065 6349 3080 9786 8083 343
23 1335 567 4761 1797 9617 7134 7903 538 3292 7106 5326 8778 520 3485 968 3581 6892 9984 9997 7215 6533 9635 2848
23 1866 6875 6836 6503 5267 2385 8324 6657 3499 1679 5039 9205 2237 9021 1548 4943 1091 3087 5410 2985 7618 1599 7393
23 6694 6199 3196 7000 4024 9858 6587 1476 2568 7222 1842 4647 1945 2524 1851 7598 5397 5066 4412 8468 4723 8211 998
13 211 2343 6223 7149 8140 4985 1236 6697 528 1821 4181 3791 5125
30 6424 6658 166 4720 9511 6537 629 5632 9823 8186 9785 6888 9884 1310 9193 7619 385 4360 3917 1712 5223 2096 2764 6057 2940 9717 8674 4350 8690 7058
22 117 3640 9274 128 7236 9179 3181 6426 6898 670 7547 8009 5274 7047 5336 291 5946 8240 5348 8429 321 6260
33 6263 8489 328 6255 9562 9712 6989 2275 4871 4114 2281 6839 5073 4062 8775 3340 733 5166 7819 972 824 7486 9050 3125 413 834 246 8707 6250 662 2794 5230 6111
27 8509 4260 6473 5539 942 8118 9846 1700 4677 4689 6696 8108 3052 3650 1623 603 7378 1577 4288 6640 3357 966 8910 1295 9876 4695 4725
21 2008 5387 8440 3554 9738 6132 3657 1979 5163 8624 916 5080 7706 4961 3144 324 6287 7489 5485 1841 4091
23 3655 5113 842 1010 511 7386 6589 9265 9288 2246 1736 5384 2189 6847 6175 1615 504 7390 2815 2326 1972 2540 1247
25 1833 6780 5698 4088 6438 4585 4880 5279 1297 3782 5559 6290 3447 2344 6033 2214 3563 2201 3944 3766 4994 3878 3945 1961 4133
23 6277 9393 2429 3029 4299 5240 895 3215 177 9132 5792 8857 8307 5999 4893 9554 9978 3397 8812 7771 9999 2007 8022
30 2720 769 2296 2335 7086 2992 7663 2602 5526 9911 5725 7647 518 7743 72 7331 6174 5611 5789 4708 1405 6040 7963 2372 6343 3533 5055 8701 2090 3569
26 423 4008 7499 610 1438 3160 8803 9457 300 8780 1368 7755 7650 964 3353 1124 5128 1049 7979 4151 2716 5272 540 8613 9614 9673
17 9090 3188 6710 1175 2105 8996 3135 6298 3511 3391 7302 8679 8762 1074 3543 3984 8178
25 7429 4536 5017 3906 8854 2482 6871 3227 5619 3314 6722 5379 6122 940 9788 673 3243 9590 8423 8836 927 5972 4741 5714 224
27 5721 7884 5375 6956 7513 2174 3997 1603 3174 3269 6378 4343 6142 139 3376 5595 2666 5261 8818 2962 7074 1149 9467 2521 3238 8137 4338
18 8564 5710 9286 2686 708 4971 3210 7630 3968 9718 4389 6988 1542 8677 9668 8580 3500 8847
23 2166 3461 5955 9341 9684 6081 1912 8182 5140 4730 4560 814 2396 9762 1764 1174 642 7469 2877 3576 4126 1087 8957
23 7711 8786 8868 1667 6809 7558 9896 544 6140 4608 5734 8672 7976 3873 4946 1329 9695 1526 2968 7283 7136 302 8490
21 2774 8376 3317 5957 2570 2059 9232 7516 9882 9908 1590 1132 1622 2841 3820 8356 5475 8867 3898 1115 5682
22 3855 2742 5158 1613 2115 1248 5380 4212 1690 2685 4817 7728 7908 9437 7756 1374 2886 2339 8036 3405 7011 3857
23 9325 9020 5727 945 5829 8772 1910 7916 3418 6737 2122 9436 9929 3598 4738 4026 5231 5030 5197 7087 4149 3611 5723
23 6961 6189 2198 9654 8937 2802 8585 7931 1598 2479 4899 9113 9547 3448 8886 1659 5555 6195 2703 9486 9014 8363 6191
25 8792 7277 4544 4063 6331 5451 3673 930 4167 5278 8590 863 5292 2348 8569 2263 2820 5365 7559 2435 5617 8636 316 447 7783
24 9901 7248 6575 2954 9089 6864 5582 2837 6444 6318 6947 1056 4081 3639 5609 8467 4743 7481 9759 4324 4996 4522 8424 6919
31 445 5359 7255 1272 5601 4593 8300 7604 4800 5879 9667 6437 2089 3772 4964 728 1516 5577 9683 1740 8399 5215 9279 1571 2726 783 5065 4759 2200 759 7937
25 6794 2106 9316 3544 7994 1745 1062 542 6915 4856 7205 4443 366 5986 2197 4036 4631 5840 6371 5776 9434 4383 8249 9834 5672
19 5858 2783 8681 7019 8851 9810 6578 9661 4165 3777 6091 2733 8305 3209 5151 5836 9596 6665 2813
25 8395 5654 1640 7710 1487 189 4074 6726 8903 6137 1382 9828 4176 5759 931 110 4142 5544 2550 526 9383 5368 5436 4783 3588
22 7911 271 3541 4202 2180 6643 2011 8164 485 8801 6769 4698 9148 2093 6707 3006 2050 6792 869 8602 5652 4042
21 8086 3891 35 348 2360 459 3146 9789 4085 133 3847 9163 5357 3061 2668 3552 4061 1698 5407 1633 6127
23 7229 9544 3632 982 4366 7169 4879 7794 6683 5532 5102 2204 1666 6315 3953 925 2743 3306 258 3923 4554 2449 3643
21 3555 9452 7430 6818 2551 1511 7629 2467 8904 2923 8299 3841 2995 727 3516 2902 4516 4242 2847 8865 2724
32 9409 372 3826 5112 2118 1997 6523 2613 1846 3203 7907 9077 6885 3845 3574 714 3045 9237 1094 5739 6564 7500 9995 1063 7694 2310 5839 8684 4905 82 2227 4803
23 2135 6767 1852 4833 5996 3717 3319 2473 5844 1589 1271 9001 2599 742 5416 4847 2832 5618 2650 8056 6614 5294 6288
17 4065 4802 7259 9643 9185 3613 2351 114 4500 4380 4702 9243 7722 5342 9993 1082 4662
33 4637 1609 8573 8285 3885 6446 5799 8761 2810 4617 2547 2314 3752 8650 8960 283 3832 877 4234 7942 9578 1484 8333 9343 4780 1133 6007 667 2606 635 4909 406 9326
25 2986 1142 1508 241 3784 4958 636 2272 6036 9085 5651 7935 5512 4978 9435 2757 8169 478 9201 9904 4599 5141 7996 9918 9532
20 9514 8406 3294 6206 3594 5724 374 7143 5317 1519 8068 8081 5993 588 9599 4753 6782 8463 5179 6479
23 4586 9473 9965 9045 3398 127 382 8830 9843 8025 6733 3660 5525 3599 7541 6351 6651 5823 7059 4052 4180 7714 142
18 6208 9949 7010 462 6674 8551 639 9278 4075 9877 1806 4900 4548 1706 6148 9203 5057 2271
21 8175 4601 4346 6053 2537 6392 5815 3675 6677 3750 2151 7560 9780 6530 1974 5655 8966 2858 3303 1427 3887
27 3471 9733 8449 601 3232 9952 1391 8401 6909 4628 1980 7132 7101 9250 1165 4831 7622 8241 7752 5200 7225 1759 9309 1802 9198 4962 3723
24 2589 9974 5541 2982 6247 4433 5176 4747 1832 809 8115 8234 4932 9009 2579 3800 747 4928 2349 5922 401 3224 2773 8069
13 1421 9743 2781 4664 9652 8326 8284 8335 6827 1131 9750 702 5891
13 8546 8793 8200 9076 1172 5800 8364 9555 5964 8735 4490 8594 8217
28 88 5497 4618 7640 2942 892 5347 8529 2128 2921 9474 9593 7024 8107 1163 3955 6347 8600 1126 9885 1600 3517 3872 6979 1141 6853 2322 8375
29 8703 1406 6455 8346 9628 3921 8609 2209 514 5702 1220 1504 5306 4365 8817 1727 4067 4974 4166 2860 7443 4627 9443 2980 6477 5011 1084 6087 2276
24 3281 8426 3740 952 1302 1330 7654 2931 37 1402 9183 2721 7939 7832 2003 1811 2158 4684 5266 9066 1280 4172 7813 8870
21 6633 8370 2605 3058 761 1349 2797 4347 9849 6181 946 6612 855 198 347 4192 3297 9301 5653 1701 8377
27 29 2788 5214 4225 8419 7492 1422 5123 5630 9800 953 2580 6953 5220 2560 3960 1183 340 9399 5007 5726 1028 4510 3762 4649 6364 4156
21 3257 4575 697 4705 5751 4119 5550 4832 4768 2684 5984 9865 6464 4999 8457 4447 4492 3965 2408 2862 3618
23 1664 9052 1530 1804 5756 3057 7548 1256 5713 2680 8819 3027 333 5136 160 1766 4757 5146 2628 8130 4286 5666 1293
18 9463 839 9064 2857 524 9987 8004 5537 1976 2522 5696 5346 54 3280 6621 8888 9721 3402
26 580 5358 7557 8042 4007 380 4045 715 833 6157 3959 8725 5216 2084 5565 6798 96 8914 2811 7431 1437 1336 8923 5661 9753 4538
22 7799 9128 482 9524 7342 3901 4159 3075 2607 543 7094 4915 941 3419 3649 4991 2822 4226 2259 6147 5798 8113
20 3988 1227 4080 4940 7856 2753 1455 3621 3085 320 581 2876 4571 9081 6214 9601 1680 4220 1001 2508
14 908 2191 4135 1906 1400 9413 5594 7204 7437 4813 7977 9711 6073 1261
25 9581 5920 8059 7759 7411 1160 5564 1176 3592 866 4168 6975 5729 7418 195 3361 2371 9236 5961 9145 2734 5003 4339 3185 9354
28 8179 5540 5156 6182 552 2434 2076 4497 8631 3623 8051 7120 9368 991 8304 6249 2350 6937 3363 7736 5924 7676 7297 7748 9432 1958 9577 3994
27 2571 4143 7140 1372 4107 6601 3775 4696 821 6268 1198 4086 216 6897 2644 7653 8680 7345 6126 4030 7157 6099 5515 3180 8043 2926 2169
26 7965 7475 3025 7846 5507 9680 3565 4297 1281 5695 2556 808 9574 7587 6712 8549 7528 8704 2750 5745 8461 7744 3715 9169 685 616
28 4090 7687 5948 6457 200 9633 1873 8955 595 9070 8014 4314 9330 5694 4620 9244 1824 6675 331 6860 8117 4436 8702 5024 3417 2152 2839 5415
20 1228 3947 615 7686 1324 9481 7837 7764 4224 9508 2153 684 34 2162 8732 4751 5075 4161 3298 962
24 6815 5304 9852 2881 4914 6896 3062 137 9479 26 3567 4754 2047 2572 5153 7526 2249 5469 3250 6828 9714 796 7133 7441
24 1512 2511 3786 3022 9610 1181 3624 5708 2938 7842 3487 1604 8676 94 3662 2778 6671 2028 4108 99 9067 4697 2456 8057
25 2949 1353 9698 935 141 3099 5824 5709 8491 7231 3498 6138 8177 112 1357 6061 50 3076 1885 3318 1661 8276 6015 5232 4013
23 4877 8410 4137 8259 6172 1710 1639 7763 2844 276 6977 1072 4438 7970 2002 5784 123 9887 6933 9656 8648 3853 5020
14 1113 5516 8989 3663 6346 4089 509 8097 3689 5950 3272 251 8939 5631
19 5307 5674 578 1820 8743 592 183 6758 6667 6314 7511 1085 1825 8398 1809 8 6433 7131 8480
22 1888 5881 8277 448 7628 9923 3952 5608 4449 4279 9460 6945 8297 3897 1917 7961 4672 5022 6702 4977 1642 1558
26 1543 8848 1655 1863 422 7633 1458 9980 280 2513 4125 3077 3221 6773 1749 6124 8172 5110 2707 3268 3658 4199 9690 1731 1287 8319
26 6807 2538 4935 5120 6316 5566 1684 7682 6196 3867 5211 8646 1031 1154 7978 363 9295 1268 6957 2824 4401 1935 1147 6434 906 2130
26 9707 7455 9030 9557 3054 3102 4130 9408 6932 6179 3799 2417 6974 2768 7124 5035 1894 5828 628 228 2490 1938 7863 6294 1312 8122
20 4629 7387 4775 8843 1946 9225 9697 7800 735 2676 6254 6233 3094 3048 6934 3015 2219 1064 1892 3586
22 6740 5816 657 1325 8500 2086 3761 5305 2345 7125 4876 9017 503 5114 5319 6295 5079 8132 5048 7073 18 2049
30 7198 8328 5777 9769 8093 4101 5263 3958 5701 3429 52 698 5391 812 1933 654 7400 5826 3678 6166 9124 3604 4676 4896 5242 371 1148 9831 6458 1038
24 5299 696 8548 780 2654 7014 4406 5519 2935 5587 6858 77 7551 7917 5427 4381 9099 7181 182 7427 6177 3995 3264 5063
25 9649 5282 4938 4403 9900 4828 2393 3710 9420 7004 5880 1034 4881 5925 2282 8417 3089 1080 5834 7995 7343 3677 70 398 8789
22 6662 4815 4602 3818 9429 5962 1282 319 1470 3356 8958 2462 45 2483 7128 6954 9898 1617 6534 9747 679 6650
26 3334 4658 921 2290 6566 8125 2065 6857 4916 6920 7091 8986 4025 5339 4155 4954 5916 5144 573 3744 8501 16 5817 7834 7356 3883
23 6735 1252 100 2706 8798 2882 1624 7340 7886 217 3412 9188 4827 9791 4131 6878 6417 9676 1971 8589 770 778 6439
26 7928 9626 19 4112 5205 6718 483 4587 7191 9817 8598 2765 6325 8197 6552 5980 3431 5438 468 9269 5432 4463 3983 2211 2608 263
23 1735 1637 7357 7631 1500 8187 8642 2652 3974 1709 2851 4144 3299 9883 9535 5185 6489 8095 8089 2253 8232 7001 9131
26 2432 222 4693 4421 4064 7172 208 1232 896 7118 9812 3754 4111 6059 274 958 7520 7914 4529 6154 4671 5178 9689 5131 5533 8862
21 8073 4666 9410 9177 2260 8686 4653 1541 9221 5472 7788 9686 1554 9672 5788 7539 899 8391 7751 9938 3528
28 5885 7585 3200 9620 3194 4355 7829 5105 7407 6866 8705 6861 4457 2062 6948 8161 2091 5392 3558 9417 3153 6895 2775 3653 4729 4424 4057 6016
19 5295 7494 9647 2415 6106 7525 7384 8492 1761 3233 6803 6376 2555 2493 6611 9603 6653 7600 4127
28 3758 4502 4782 7034 9375 4872 3258 5567 9160 4055 7389 4591 8242 449 9946 7377 2549 2621 6516 2674 9059 2878 9340 3275 9129 5127 5876 1300
25 9283 3276 1995 3191 2077 8504 8595 8542 2630 1071 238 4316 7454 1486 5181 7623 8483 7238 7981 9217 9771 5460 8311 8106 7472
29 8728 442 9104 4376 8128 6584 2745 9539 1101 5835 5076 1466 857 4515 7672 103 7265 8294 1621 6666 548 345 2853 427 8321 6045 1191 9396 4292
21 920 6656 8274 8133 9180 2930 6716 9612 1096 2769 1073 8270 9233 4289 505 4361 3488 6394 9608 1522 2530
18 7020 2711 1986 8110 2368 7103 9623 5909 4810 7930 3642 6278 3056 2946 901 8696 2329 7115
24 8458 9586 3842 3807 7162 5603 8987 816 2535 1042 6025 4076 6990 6162 3059 2932 8315 1950 3240 1954 7669 6958 7112 9829
25 672 4894 6843 6756 8554 9681 3439 7569 9073 6120 4685 338 575 7999 6264 2186 8972 8900 367 3452 8205 3819 9669 7123 9677
26 864 1830 2442 2852 1211 7562 5323 3476 5268 8212 6982 1275 4549 5019 3387 7590 6626 2258 9488 3322 9336 2157 3126 6546 3690 3286
24 5598 1734 4794 7380 4017 1942 6746 3570 9421 1753 4359 2756 80 619 1401 5938 1103 5546 522 3745 2064 4886 7496 8337
33 606 5860 2920 4098 8630 3208 4848 419 9947 5477 8795 3477 4256 2809 7508 8562 4456 3967 8291 8750 4632 3484 1853 4573 2469 9445 4542 6445 5806 12 3400 6257 5543
28 8708 157 7435 4437 4233 4826 146 9981 3364 9284 7334 194 282 7326 1450 2996 2190 8583 5506 6949 1360 8837 5580 221 7953 7719 795 2658
28 6200 3036 6216 6639 6279 8945 8033 8550 6708 3339 1468 8049 4190 9704 5956 185 1596 2403 8465 1703 8655 2588 2865 2594 2210 5150 4568 295
29 3527 109 5510 6804 5535 4246 7434 2033 4966 4724 3909 987 8293 6447 2144 5421 1782 8829 5575 2514 2367 3166 2830 3041 4295 3931 5508 1653 3664
17 3739 8167 7216 4623 2264 3757 2710 3980 6077 4762 3769 7358 1442 8572 9909 4446 3825
30 5086 9411 5500 1843 2937 3513 8990 934 4907 1069 3372 1819 3 4459 1340 4276 1171 1650 7591 7667 7030 3956 4229 9772 3727 3971 3734 3287 3688 3313
24 1879 2690 1634 8876 1109 1595 1429 6930 7726 6253 1771 7178 6038 9739 5747 7656 5807 6227 8733 1694 7947 13 2516 4987
27 4084 3325 6213 9195 6283 2558 9837 1960 2 6345 4533 151 1870 467 7397 7504 8905 7367 2131 3698 9956 3415 7964 9793 9387 2019 9536
15 2981 8244 3534 6940 201 5963 420 5483 6577 1478 562 7348 5551 6384 5859
22 5335 1066 2559 1883 3092 2036 6078 7309 7812 8864 4821 2729 2142 3961 1025 2763 8202 4431 9861 4079 3591 5501
22 3692 513 856 6024 1169 8617 8266 5878 2141 8533 4014 2805 8246 9665 1780 3668 3834 7921 4763 4303 0 7036
21 7318 7287 7471 533 3119 379 4772 7904 9079 7699 9053 2071 3336 1506 5750 3254 3274 2598 6973 6664 8947
19 4066 3354 8747 5628 8970 6907 9038 8935 9112 9431 6079 8496 2510 7487 6501 1952 4860 4157 5293
28 84 9207 3779 98 6886 9836 1643 4784 1203 9968 1756 4489 7007 5548 414 7786 3342 1578 5456 3497 1440 7478 911 8090 5942 9277 327 20
24 3990 565 7787 9538 2771 2817 2675 8820 1861 1411 8258 1485 7018 9855 7852 4576 1556 983 4551 4545 9307 8138 6242 136
24 4255 2425 3502 4099 2505 1943 193 2206 3421 2444 9139 3893 4547 8325 9597 2102 7835 8663 6193 6631 9168 797 1204 181
19 4450 799 6519 7566 5262 8616 2268 6859 5175 8828 2803 5612 7838 1608 2725 2460 7880 329 2664
26 726 5090 7323 7698 1845 9475 2044 353 4147 6800 3127 7305 6146 4232 4565 9318 787 124 6385 3768 861 2870 5316 6594 7017 4268
22 3557 4615 7777 1081 5160 3895 1104 9513 3501 5097 1371 4936 8394 6586 954 7955 3914 5345 2423 86 1230 1020
21 3104 8434 9002 92 9564 3746 7515 7724 1417 21 8688 5992 6778 1786 3136 4175 1927 2987 4808 6365 4145
23 7329 7372 802 2639 5135 5238 6460 1791 680 17 6226 3704 5614 6506 4169 2807 9057 2307 5846 9522 6993 8008 3619
15 5914 613 3503 5333 7858 6624 269 8144 8267 2604 602 4976 6881 910 8210
20 6456 5034 9813 8614 475 8190 8485 4302 959 9270 3300 7137 905 9895 1258 5683 6941 9454 431 6113
20 9636 9477 7245 7746 4398 9264 7392 1747 2175 5168 1572 4334 3764 8349 7518 8114 4337 5058 5848 8850
25 6884 3403 9696 4703 3666 9037 646 2661 7693 7271 5062 4073 279 2956 5877 7121 3725 3804 3937 6330 5126 4509 8380 6911 6494
24 3540 9685 9806 3605 4481 1886 2320 458 1831 2370 8475 7497 2461 7887 4425 2616 6428 4271 1798 9875 2888 188 6840 5225
26 1492 3601 2518 7382 5187 1294 6784 2667 979 7894 395 2438 683 2437 1982 4218 8006 7695 9342 418 5142 2637 488 644 7042 2544
28 5381 7398 9087 5089 1223 7193 1369 4888 2388 2977 1328 9498 2994 9092 3283 4619 2708 5893 451 625 5013 6535 7261 6598 7413 5867 3719 1418
23 489 7129 4196 9705 5620 5495 2240 8510 3432 8511 5143 6779 1078 6543 1457 9034 2001 5338 7593 1303 5737 4883 4241
19 9109 2653 4756 6367 5700 9000 5210 6353 2978 3939 5687 1610 6289 6144 8706 5960 4054 4140 247
22 9402 150 135 1792 8575 3802 5847 516 215 202 918 2109 5484 8438 1068 4512 9047 3889 4416 2593 6559 3346
20 5954 2856 9190 4639 454 6921 1810 6165 1668 214 8512 6006 3344 5542 1673 6355 652 5224 432 710
25 4495 1625 951 9872 772 2924 147 1166 6808 6462 4912 4970 2719 5552 8442 1469 4597 2381 2655 4239 8497 3071 1356 1341 3589
29 3430 1755 9202 7595 244 5021 1448 9075 2137 924 7570 5233 1116 7273 9801 2010 8250 7670 3034 7308 8002 4504 1086 1641 2113 9850 3781 7002 5953
24 2324 6747 409 4141 7092 6270 8695 1412 7197 163 9826 8745 2611 4152 9400 8041 1083 806 3670 7144 2266 2689 6845 5334
24 2941 7612 7451 1221 3433 252 2095 2612 2034 793 4942 2039 9442 213 6490 7982 7299 5736 7519 9692 436 5977 5790 4374
22 8024 730 3966 6261 2527 7081 9268 9607 6231 4312 9480 2148 250 3590 5196 551 3019 1793 8139 7228 6595 5665
25 3869 7810 4414 9666 4109 439 8766 3616 8368 4786 7150 4824 7148 2859 9917 4430 5420 973 3081 3810 7850 844 5604 59 9766
25 2327 3148 3024 7249 3915 767 230 412 5411 4106 5600 8993 8141 5639 577 9161 5206 8393 9854 7416 1014 9196 8641 8941 3458
21 9744 6402 9165 8694 5001 5386 8126 9150 2762 7461 227 6938 5987 1807 6688 7317 3683 1128 2908 9025 7601
21 1323 277 1200 8521 1580 6119 643 2972 890 8661 9152 4423 8039 8201 393 9088 7878 822 7991 1865 1304
25 9979 5027 8224 9657 3370 8671 1864 286 9496 2557 9784 1314 186 4521 1463 8927 7675 335 6095 4402 1575 7597 4134 455 1805
17 2112 7816 4834 1531 2901 6443 4272 9939 5258 9653 3587 3217 2195 5707 8929 2698 3032
22 3457 658 9691 9487 5012 9761 2394 249 5556 4947 8361 2700 2500 7552 1432 1760 885 7925 148 8948 3712 5174
18 1993 2536 5890 1111 7732 1098 7501 894 3630 9389 2476 9615 1112 5431 6461 8897 4911 626
24 3168 6304 1276 8856 611 8037 5116 8953 897 880 5004 5689 6204 6469 2785 1358 3801 2918 5418 1877 7833 5521 1015 3097
20 457 3537 2831 2187 4213 7532 7817 4892 6642 3293 8289 6565 6431 1011 6075 7589 1490 3637 9220 4799
14 2649 5344 1433 8345 5191 9816 3973 2582 9398 4284 9525 9567 6441 6997
19 7373 6762 2867 7822 5372 8218 1814 2299 1416 2199 4514 6557 3695 4707 4574 7836 1969 6481 4846
18 5341 8021 977 494 9912 30 2958 6203 4060 9894 2749 8286 9093 2092 5624 4023 4390 6170
19 3138 1054 6474 4652 7276 9962 8610 4072 5133 6772 7588 4925 6397 6918 9115 764 6725 2806 8718
32 6529 1593 7117 6475 1693 7041 403 4300 949 8645 1875 9934 1840 3137 3266 3682 8067 5288 9605 4719 2317 2168 6472 8626 2094 7052 5978 2185 3335 7586 391 5244
22 2026 4875 4205 2979 3247 4163 8644 9859 1924 4266 779 5171 5625 4850 8697 6256 9760 440 4162 2376 3110 2117
21 4984 3329 4673 164 6380 8667 9192 4840 5464 3212 8841 5217 2378 6432 7050 9271 6108 955 2730 9259 9374
24 8271 5049 8816 5650 8273 91 4792 4278 8288 5959 1911 3948 1772 1058 8567 7608 2334 7767 14 1663 4399 5647 392 2770
19 1959 7438 8860 2072 7924 3474 8540 1720 3235 4100 5898 6230 5884 5814 1801 5435 5623 2300 7173
29 7861 8675 6669 8991 6927 5994 3843 5219 3765 7624 4248 8627 4988 5313 3413 9848 917 53 1205 2891 1675 7084 5177 5822 3348 1482 5667 2100 9770
19 854 7692 5838 4441 138 1787 7542 3039 8917 8822 7725 7294 2029 2427 5588 6889 6914 8612 2755
23 3409 4194 7465 5182 2663 5366 6197 1715 8268 4688 5529 2634 5943 1033 829 2484 7895 3084 429 648 7374 9446 8119
26 7314 4558 5678 1733 1311 659 716 1348 9208 7806 3925 6234 8961 5561 1836 8852 5078 1241 1242 1219 8908 6955 2073 9589 8098 5586
24 7040 6135 6786 9071 5437 9687 5801 6891 2398 7723 2215 5570 9501 2563 6328 7902 9293 8369 6448 108 9650 4185 7824 3562
9 384 262 5677 8633 73 2836 5616 2238 8740
8 5919 264 6936 2005 8503 7409 1909 2586
21 3156 219 6410 1102 8176 9964 8895 3877 495 9153 8469 4222 4581 2705 8756 6817 6285 9210 7742 6789 2627
26 9289 225 3759 6344 8075 6103 4282 3308 2636 9583 7352 3013 6588 4650 8065 5454 8894 6341 8454 8255 1669 9061 5455 4296 325 9517
22 5615 3989 1527 7602 5054 9127 674 4105 2184 6211 2375 1702 5904 7531 6813 9663 7023 9551 7859 8384 7906 6721
29 1860 5006 5699 4050 1601 9527 4555 7941 9028 2648 1188 4087 692 2829 2139 3101 534 3628 5271 8170 287 5918 165 7423 5429 3327 2457 980 7766
23 477 6125 8791 8615 1189 6850 8063 3595 242 7556 3091 7652 7480 1265 4577 7739 792 7405 7163 2267 9369 7335 4622
18 7662 81 2989 2622 9321 744 7538 4258 4336 8930 5412 362 2114 4392 2391 1043 3390 2964
28 6547 2041 102 1331 7456 4969 6893 1790 8026 1656 11 8074 7402 999 470 4001 7517 5199 8206 3423 3162 7696 3681 6715 4531 1290 6750 5606
21 4059 9187 9406 4164 6069 354 9833 6248 275 6806 3556 4851 4198 5705 8885 6929 9891 2098 1536 3229 2055
18 6076 584 4675 9351 8603 6281 7853 9870 6754 9866 5905 1975 8032 9197 6401 3957 7968 5390
23 3149 1524 6903 6101 2673 1168 8981 2760 9333 9716 2364 5852 8427 1828 8528 6661 2347 569 7290 8724 6112 2138 3478
24 2147 4953 9842 3326 294 5452 938 8109 3443 2740 6396 1857 6734 500 1990 71 4253 3350 4859 4269 9746 3641 7565 722
17 2074 6856 2181 7811 7176 582 800 512 3178 9245 5842 712 5688 3987 2280 4951 1343
19 3833 6580 7679 5134 7394 3201 6187 9331 28 6224 4678 5275 4600 3100 9266 5581 9818 5854 4929
7 8599 605 4589 5056 2361 8082 1652
17 7239 3905 1774 6713 5023 2861 3856 4903 2285 2466 9285 5671 6524 1127 6435 3028 3120
27 4511 8198 4920 2916 6089 3770 6333 3216 5083 4173 8077 3823 8388 8358 5028 4422 971 4922 4633 5459 2671 5399 1497 6273 5361 5592 4047
28 24 6361 6851 8157 9254 32 9273 3165 5967 7167 1584 7823 9247 4093 6774 914 4461 7674 5741 878 570 5921 2575 4926 5290 5811 7943 5273
24 2507 2641 5818 2455 1233 1627 3117 5764 8760 5768 4219 618 7510 6560 1007 3440 5691 2369 2747 2038 6051 8372 8942 4158
13 8245 5658 1075 1920 4097 6572 604 8558 9206 9058 204 2998 4281
21 8158 2216 3112 3940 886 1051 4539 1394 5482 985 3881 5152 3427 2624 4287 7617 1419 4408 7183 3863 2134
19 1024 6567 7253 660 775 4249 3547 5976 8359 7536 8318 5010 1540 162 1122 2353 4189 9146 8019
24 2523 989 9135 8555 4477 4857 4221 4777 8437 4382 6008 3331 3437 2150 8738 3383 9315 706 8964 6005 2592 3255 4277 1547
26 6706 2313 8715 7975 4665 3411 4410 6538 1352 105 6056 4499 3714 8881 1533 3355 2617 2895 3954 7452 4363 7611 7801 5494 4790 4348
23 2912 9267 95 1460 161 8228 7778 2402 5664 3808 2358 8166 8336 5906 5496 2022 7332 2379 5096 265 3612 8726 3812
23 7709 3017 2731 1587 9035 2362 9604 4989 819 5470 3489 6790 7032 4362 3214 681 8751 2070 5894 7673 8327 5939 9573
29 1305 55 6404 5466 2681 3866 3875 313 5405 9741 9838 1800 7288 3011 3241 4578 676 1618 6555 4755 7396 4448 5940 2030 3175 1665 2458 8879 3620
22 3333 5856 6265 2261 6399 8373 9541 7798 4902 3525 2485 2226 6284 6781 9373 4129 705 7606 7035 6981 3858 7986
25 400 245 6711 1550 8796 4123 1521 6865 9303 3450 8105 153 3763 7583 1035 9588 4933 919 7257 5037 3486 4670 8861 3741 7375
25 2356 2642 4020 6648 2404 1859 1364 2179 3854 7627 5730 6714 1932 2789 2712 3060 7304 5843 3273 411 7820 1658 637 8717 437
26 8587 9556 1628 9199 7445 7715 4714 9370 7221 2846 2241 5092 8576 8476 7848 7897 6525 8907 8405 593 7300 2925 2161 469 9977 9176
27 9305 1528 8783 9869 8637 8219 9164 922 4643 8652 40 8638 8159 4472 7440 6873 22 7099 556 8668 4822 9726 1285 8683 5563 6241 4103
24 6044 7927 6012 415 3793 4552 6579 7078 2373 3282 5117 9821 2682 9102 5648 9126 132 6592 6673 3720 4769 3571 430 9117
17 7097 5557 3469 9299 3428 9709 5350 1672 2236 5109 6852 1032 1808 4230 6685 9765 6342
22 6649 8699 502 3453 4605 8101 9478 3722 4569 6505 3738 6225 1765 3996 1708 2569 891 6700 9971 1136 669 4177
28 6002 4855 5769 7993 2520 6550 6133 7761 847 2796 2713 5042 4809 1050 9194 3379 1567 6337 2222 6660 9415 8084 1070 8716 9147 7476 3860 3064
23 9845 2000 3345 8058 7843 5302 4012 1905 7708 1901 2936 2239 2149 5832 1895 3179 308 5499 3369 4731 9646 8374 1006
18 318 4862 5298 2907 7065 3256 8873 5419 9594 3001 3096 8392 2929 5129 1483 8507 8838 1088
18 3743 4583 7116 6420 5234 7232 6705 5382 1179 1392 3454 6743 257 2269 995 9585 1579 3204
15 2171 8239 3635 1316 687 2863 6760 9051 6302 5439 9781 6944 7424 7818 1359
27 3651 6409 5783 6814 292 8938 7466 9844 8072 6406 7879 4251 2311 2389 6504 6791 4526 5149 2328 3151 7980 5531 341 3115 9507 6585 1226
24 1794 2424 4184 9926 3840 7535 9641 4498 5635 3776 6339 3747 450 9416 3158 8846 3226 8880 2970 8487 9 3522 3284 9796
20 4830 5124 425 7614 6064 6810 243 5157 6777 1696 3684 4612 7038 9414 4983 7359 1991 1120 5388 2463
25 7210 3066 5511 6512 4415 6596 2332 5872 2159 8931 6629 1187 344 4182 4952 7485 2704 4444 111 7950 5735 5760 6943 5265 1929
15 6293 1459 7194 3449 9355 9682 8357 1385 3301 289 8893 4305 5312 5547 939
26 9495 3375 4396 2741 5050 2160 4356 2292 7592 8148 1612 6824 8749 5002 7805 8314 8436 6510 3385 4306 4956 4967 1728 1202 4779 2509
32 5491 5748 8338 1723 3701 6336 115 6163 3394 4104 6605 1029 4136 8779 8428 5360 5796 8522 3659 9173 9094 8985 5773 7946 6317 2046 131 9749 8753 1254 757 7795
16 39 3155 777 5041 8764 7462 7298 8061 4191 1107 3864 7089 8825 8260 4844 6063
22 9011 119 9871 3047 9392 3373 9566 6067 3584 3597 3186 4979 5520 5793 1237 7439 7258 9491 860 5831 1751 3850
20 8892 4003 5656 8951 553 4113 8494 7296 4906 2400 8863 1654 2911 2890 1270 1691 9840 756 4049 3480
17 6647 8038 5208 2909 1383 1217 260 125 7661 1925 5509 2692 8256 1495 5599 8622 8556
26 9670 9851 3129 7243 2333 8665 546 2121 1428 7090 7620 155 1477 3195 5945 6623 3152 7426 5448 4501 8919 8183 5596 7649 3218 7161
16 7113 6699 1781 9783 3142 441 6628 9756 7992 5276 9339 2823 3460 3787 579 2691
25 3245 9306 1904 1201 8421 5866 3904 7498 6883 4378 5172 3141 453 2793 8525 8757 6010 7233 7540 60 3140 4310 4904 8123 4891
20 9385 4704 8116 826 4270 5099 1389 9219 6625 4351 801 6478 1298 1919 1754 7989 5322 3113 3838 2441
24 8566 6450 6058 7685 9832 4607 1415 5009 3946 2023 3231 936 6116 8969 9423 9961 9991 7841 915 5264 3882 3003 8433 8543
19 1970 378 3669 8237 8963 9026 1551 104 9725 3568 6869 5327 8754 1076 8999 5044 535 5476 3631
17 9702 9262 8737 3465 3278 9376 8010 8946 4386 591 8531 6768 7954 7051 5889 1951 9906
17 1177 8035 369 9082 6391 7006 1741 9337 7735 5349 2873 7155 6229 4022 4998 762 5819
20 5971 8207 6173 3290 175 6882 8952 5094 2024 3009 361 9674 8922 8771 1347 4275 8666 3042 3892 9430
14 3751 5072 9902 3237 2283 4240 2723 6084 5936 6107 3343 2321 3928 3259
27 9935 9627 4285 596 9118 8094 969 2906 3505 9298 7266 9671 2947 9967 8283 9448 2454 87 8723 5121 1467 1683 2961 790 1288 5280 1019
23 1724 5213 8203 168 4250 8034 7364 1443 5031 8662 2548 9941 7130 8165 1409 3246 36 2798 1279 7603 3627 831 1722
27 9523 9166 6123 5746 2780 7554 665 2245 9492 4318 7096 6374 2477 5481 6235 9378 5715 887 4626 4745 3774 7774 8619 1274 3797 8156 737
17 8302 2975 8351 7737 7442 2140 9645 8028 1539 6820 2129 3234 5000 1214 3890 6207 4476
28 3817 519 5424 1332 4885 2056 832 1537 2969 8984 2048 7142 3494 859 8855 7098 9111 8280 3000 7969 5286 9529 407 6046 5949 8404 1452 7533
11 3767 7741 2499 1333 5676 9007 8790 3529 1377 2286 465
14 6327 9138 3694 776 1953 2413 738 4051 1162 1099 3456 9600 6322 3408
23 6245 5352 1902 1746 64 3930 7234 365 8799 561 6102 7385 4004 8944 2826 8011 7170 4598 8341 5896 9811 1210 4319
21 6269 8484 825 6966 6805 883 7659 2526 4692 6617 8281 1999 4333 5772 7596 6899 1878 6986 4752 6994 3380
24 7028 4223 2657 7337 7785 7988 5610 912 2546 2087 3483 1164 6812 7295 2069 6867 7022 1739 7268 7845 2843 8959 6210 7509
21 6783 9799 5218 4482 4913 2270 1045 862 8534 6602 1538 6131 8060 2428 6049 6690 7054 460 1813 6158 675
28 8420 3384 3830 5888 9182 5409 8809 3007 3070 3295 2228 7009 2116 9470 6846 4122 8875 6841 8474 8409 1185 8100 4908 6788 5047 9560 840 8147
15 9804 7203 9458 5070 4470 2850 9114 3756 5106 8215 5643 2120 9048 6514 8700
21 61 3849 3475 9018 1565 3829 9379 3121 126 8153 8763 6802 5605 339 7242 9338 1636 4611 234 5900 2208
21 9735 8403 1250 9101 2395 1299 7926 2218 3123 8544 1692 8532 8810 5257 3943 9893 7139 3835 6153 5296 1923
26 6695 1414 5487 7406 5686 2323 8882 6946 6161 6104 9043 1501 1525 7330 5490 1155 6055 7185 2066 1607 1549 49 8943 2193 2411 1212
20 8739 6220 2409 2585 6422 4858 4236 8193 1255 3593 3508 4746 3506 5524 4680 4812 9184 6959 4479 2897
26 8459 8574 5712 381 6638 3970 9234 6243 272 490 7645 836 3438 3521 2553 6388 7 5989 3716 5328 79 236 7269 4823 1306 5398
26 209 849 3435 1436 9516 5907 4642 9141 6619 3267 4487 689 4044 4993 2414 149 2739 1763 717 33 944 5204 7814 7303 5865 5944
20 9613 6272 8597 5809 7267 4128 1649 4919 2991 2772 7738 2081 9253 3464 2564 58 4257 9499 4897 1887
23 7064 3865 9485 6842 6480 377 5250 4330 4033 5911 4237 456 2447 4259 7449 4201 7747 4215 3899 4580 1983 8884 7111
22 7319 4153 5719 2952 2900 3205 6297 4734 7796 5523 1435 3674 2943 4452 471 5802 784 9521 7349 3942 9792 6518
18 332 1046 3685 9482 3031 7422 1308 5704 7521 5681 8656 6545 2183 9856 5461 5467 5147 6060
20 4648 8915 8085 9576 6672 508 7691 6838 893 8926 774 3150 2340 4621 1446 8354 1713 9986 6348 2983
6 6600 7218 5138 4203 5758 9334
24 5402 8435 2566 9512 1346 9424 6156 2234 2383 1967 5929 7351 9930 841 6219 2068 1856 6531 3548 6449 7983 1479 1093 7460
24 1384 6951 5663 4291 5228 7425 1779 342 2835 754 7220 1130 6387 1671 7945 525 4488 8514 3806 6616 107 2610 1677 2225
14 6825 7275 576 4092 3455 4322 4370 6303 9310 7450 2255 8657 807 6467
29 6239 4733 1491 2464 9242 8378 5803 4327 1309 5101 4921 1396 122 9943 7328 1839 7966 2018 2727 4183 7055 3106 9032 8313 2170 8499 4273 1758 6453
18 4405 4744 3790 6775 5340 9428 9239 3736 7703 3822 8781 2194 7158 8223 438 5446 5046 1948
12 2359 3828 8221 4771 9453 9713 8625 8866 8849 4445 5637 6613
25 493 7174 4749 7278 8506 1008 5188 6880 6983 8127 6117 6429 309 3730 564 1928 9086 5277 8295 4010 6844 1301 9953 1456 4243
17 7768 4867 1 6251 6094 8099 9534 6042 5479 5203 9598 7607 1426 2879 7165 6080 464
24 1363 1430 2406 5514 8659 9734 3645 3222 6604 4982 9958 9327 4505 2257 5297 7780 3109 9465 9703 8877 4197 5874 566 231
22 1651 206 9353 6023 4344 2702 7366 7967 9155 928 433 3813 9899 9122 4917 9728 9528 1940 8216 6151 7772 3279
24 5237 5369 9805 2305 6615 4171 4503 8687 3811 9611 6821 4582 232 510 3395 8651 9211 6691 6976 4640 6136 259 1699 9638
22 9291 9191 6634 4139 8742 120 8486 8023 8027 3661 405 6874 7797 9572 1092 192 1574 9041 2759 7577 301 8331
12 4523 798 3911 5447 9922 810 2223 3035 845 587 8980 9172
